<?xml version="1.0" encoding="UTF-8"?>
<testsuite xmlns:xsi="http://www.w3.org/2001/XMLSchema-instance" xsi:noNamespaceSchemaLocation="https://maven.apache.org/surefire/maven-surefire-plugin/xsd/surefire-test-report.xsd" name="com.fizzbuzz.FizzBuzzTest" time="0.048" tests="16" errors="0" skipped="0" failures="0">
  <properties>
[...]
</properties>
  <testcase name="testNumber_22" classname="com.fizzbuzz.FizzBuzzTest" time="0.025"/>
  <testcase name="testNumber_1" classname="com.fizzbuzz.FizzBuzzTest" time="0"/>
  <testcase name="testNumber_2" classname="com.fizzbuzz.FizzBuzzTest" time="0.001"/>
  <testcase name="testNumber_4" classname="com.fizzbuzz.FizzBuzzTest" time="0.001"/>
  <testcase name="testNumber_7" classname="com.fizzbuzz.FizzBuzzTest" time="0.001"/>
  <testcase name="testZero" classname="com.fizzbuzz.FizzBuzzTest" time="0.002"/>
  <testcase name="testBuzz_10" classname="com.fizzbuzz.FizzBuzzTest" time="0"/>
  <testcase name="testBuzz_20" classname="com.fizzbuzz.FizzBuzzTest" time="0"/>
  <testcase name="testFizzBuzz_15" classname="com.fizzbuzz.FizzBuzzTest" time="0.001"/>
  <testcase name="testFizzBuzz_30" classname="com.fizzbuzz.FizzBuzzTest" time="0"/>
  <testcase name="testFizzBuzz_45" classname="com.fizzbuzz.FizzBuzzTest" time="0"/>
  <testcase name="testNegativeNumber" classname="com.fizzbuzz.FizzBuzzTest" time="0"/>
  <testcase name="testBuzz_5" classname="com.fizzbuzz.FizzBuzzTest" time="0"/>
  <testcase name="testFizz_3" classname="com.fizzbuzz.FizzBuzzTest" time="0"/>
  <testcase name="testFizz_6" classname="com.fizzbuzz.FizzBuzzTest" time="0.001"/>
  <testcase name="testFizz_9" classname="com.fizzbuzz.FizzBuzzTest" time="0"/>
</testsuite>